2024-09-17 17:51:18,169 - getLogger - INFO - Getting all the card items
2024-09-17 17:51:18,192 - getLogger - INFO - iphone X
2024-09-17 17:51:18,212 - getLogger - INFO - Samsung Note 8
2024-09-17 17:51:18,217 - getLogger - INFO - Nokia Edge
2024-09-17 17:51:18,227 - getLogger - INFO - Blackberry
2024-09-17 17:53:14,750 - getLogger - INFO - Getting all the card items
2024-09-17 17:53:14,778 - getLogger - INFO - iphone X
2024-09-17 17:53:14,791 - getLogger - INFO - Samsung Note 8
2024-09-17 17:53:14,801 - getLogger - INFO - Nokia Edge
2024-09-17 17:53:14,811 - getLogger - INFO - Blackberry
2024-09-17 17:58:45,102 - getLogger - INFO - Getting all the card titles
2024-09-17 18:00:08,303 - getLogger - INFO - Getting all the card titles
2024-09-17 18:00:08,348 - getLogger - INFO - iphone X
2024-09-17 18:00:08,363 - getLogger - INFO - Samsung Note 8
2024-09-17 18:00:08,378 - getLogger - INFO - Nokia Edge
2024-09-17 18:00:08,388 - getLogger - INFO - Blackberry
2024-09-17 18:02:10,677 - getLogger - INFO - Getting all the card titles
2024-09-17 18:02:10,722 - getLogger - INFO - iphone X
2024-09-17 18:02:10,732 - getLogger - INFO - Samsung Note 8
2024-09-17 18:02:10,747 - getLogger - INFO - Nokia Edge
2024-09-17 18:02:10,757 - getLogger - INFO - Blackberry
2024-09-17 18:05:18,418 - getLogger - INFO - first name is Test
2024-09-17 18:05:19,015 - getLogger - INFO - first name is Test1
2024-09-17 18:05:19,015 - getLogger - INFO - first name is Test1
2024-09-17 18:05:31,563 - getLogger - INFO - Getting all the card titles
2024-09-17 18:05:31,563 - getLogger - INFO - Getting all the card titles
2024-09-17 18:05:31,563 - getLogger - INFO - Getting all the card titles
2024-09-17 18:05:31,578 - getLogger - INFO - iphone X
2024-09-17 18:05:31,578 - getLogger - INFO - iphone X
2024-09-17 18:05:31,578 - getLogger - INFO - iphone X
2024-09-17 18:05:31,609 - getLogger - INFO - Samsung Note 8
2024-09-17 18:05:31,609 - getLogger - INFO - Samsung Note 8
2024-09-17 18:05:31,609 - getLogger - INFO - Samsung Note 8
2024-09-17 18:05:31,619 - getLogger - INFO - Nokia Edge
2024-09-17 18:05:31,619 - getLogger - INFO - Nokia Edge
2024-09-17 18:05:31,619 - getLogger - INFO - Nokia Edge
2024-09-17 18:05:31,634 - getLogger - INFO - Blackberry
2024-09-17 18:05:31,634 - getLogger - INFO - Blackberry
2024-09-17 18:05:31,634 - getLogger - INFO - Blackberry
2024-09-17 18:06:52,993 - getLogger - INFO - first name is Test
2024-09-17 18:06:53,584 - getLogger - INFO - first name is Test1
2024-09-17 18:06:53,584 - getLogger - INFO - first name is Test1
2024-09-17 18:07:05,516 - getLogger - INFO - Getting all the card titles
2024-09-17 18:07:05,516 - getLogger - INFO - Getting all the card titles
2024-09-17 18:07:05,516 - getLogger - INFO - Getting all the card titles
2024-09-17 18:07:05,550 - getLogger - INFO - iphone X
2024-09-17 18:07:05,550 - getLogger - INFO - iphone X
2024-09-17 18:07:05,550 - getLogger - INFO - iphone X
2024-09-17 18:07:05,566 - getLogger - INFO - Samsung Note 8
2024-09-17 18:07:05,566 - getLogger - INFO - Samsung Note 8
2024-09-17 18:07:05,566 - getLogger - INFO - Samsung Note 8
2024-09-17 18:07:05,581 - getLogger - INFO - Nokia Edge
2024-09-17 18:07:05,581 - getLogger - INFO - Nokia Edge
2024-09-17 18:07:05,581 - getLogger - INFO - Nokia Edge
2024-09-17 18:07:05,591 - getLogger - INFO - Blackberry
2024-09-17 18:07:05,591 - getLogger - INFO - Blackberry
2024-09-17 18:07:05,591 - getLogger - INFO - Blackberry
2024-09-17 18:07:28,554 - getLogger - INFO - first name is Test
2024-09-17 18:07:29,137 - getLogger - INFO - first name is Test1
2024-09-17 18:07:29,137 - getLogger - INFO - first name is Test1
2024-09-17 18:07:40,664 - getLogger - INFO - Getting all the card titles
2024-09-17 18:07:40,664 - getLogger - INFO - Getting all the card titles
2024-09-17 18:07:40,664 - getLogger - INFO - Getting all the card titles
2024-09-17 18:07:40,689 - getLogger - INFO - iphone X
2024-09-17 18:07:40,689 - getLogger - INFO - iphone X
2024-09-17 18:07:40,689 - getLogger - INFO - iphone X
2024-09-17 18:07:40,702 - getLogger - INFO - Samsung Note 8
2024-09-17 18:07:40,702 - getLogger - INFO - Samsung Note 8
2024-09-17 18:07:40,702 - getLogger - INFO - Samsung Note 8
2024-09-17 18:07:40,709 - getLogger - INFO - Nokia Edge
2024-09-17 18:07:40,709 - getLogger - INFO - Nokia Edge
2024-09-17 18:07:40,709 - getLogger - INFO - Nokia Edge
2024-09-17 18:07:40,714 - getLogger - INFO - Blackberry
2024-09-17 18:07:40,714 - getLogger - INFO - Blackberry
2024-09-17 18:07:40,714 - getLogger - INFO - Blackberry
2024-09-17 18:16:00,416 - getLogger - INFO - first name is Test
2024-09-17 18:16:01,081 - getLogger - INFO - first name is Test1
2024-09-17 18:16:01,081 - getLogger - INFO - first name is Test1
2024-09-17 18:16:12,584 - getLogger - INFO - Getting all the card titles
2024-09-17 18:16:12,584 - getLogger - INFO - Getting all the card titles
2024-09-17 18:16:12,584 - getLogger - INFO - Getting all the card titles
2024-09-17 18:16:12,604 - getLogger - INFO - iphone X
2024-09-17 18:16:12,604 - getLogger - INFO - iphone X
2024-09-17 18:16:12,604 - getLogger - INFO - iphone X
2024-09-17 18:16:12,624 - getLogger - INFO - Samsung Note 8
2024-09-17 18:16:12,624 - getLogger - INFO - Samsung Note 8
2024-09-17 18:16:12,624 - getLogger - INFO - Samsung Note 8
2024-09-17 18:16:12,634 - getLogger - INFO - Nokia Edge
2024-09-17 18:16:12,634 - getLogger - INFO - Nokia Edge
2024-09-17 18:16:12,634 - getLogger - INFO - Nokia Edge
2024-09-17 18:16:12,644 - getLogger - INFO - Blackberry
2024-09-17 18:16:12,644 - getLogger - INFO - Blackberry
2024-09-17 18:16:12,644 - getLogger - INFO - Blackberry
2024-09-17 18:58:50,820 - getLogger - INFO - first name is Test
2024-09-17 18:58:51,497 - getLogger - INFO - first name is Test1
2024-09-17 18:58:51,497 - getLogger - INFO - first name is Test1
2024-09-17 18:59:03,842 - getLogger - INFO - Getting all the card titles
2024-09-17 18:59:03,842 - getLogger - INFO - Getting all the card titles
2024-09-17 18:59:03,842 - getLogger - INFO - Getting all the card titles
2024-09-17 18:59:03,865 - getLogger - INFO - iphone X
2024-09-17 18:59:03,865 - getLogger - INFO - iphone X
2024-09-17 18:59:03,865 - getLogger - INFO - iphone X
2024-09-17 18:59:03,895 - getLogger - INFO - Samsung Note 8
2024-09-17 18:59:03,895 - getLogger - INFO - Samsung Note 8
2024-09-17 18:59:03,895 - getLogger - INFO - Samsung Note 8
2024-09-17 18:59:03,907 - getLogger - INFO - Nokia Edge
2024-09-17 18:59:03,907 - getLogger - INFO - Nokia Edge
2024-09-17 18:59:03,907 - getLogger - INFO - Nokia Edge
2024-09-17 18:59:03,919 - getLogger - INFO - Blackberry
2024-09-17 18:59:03,919 - getLogger - INFO - Blackberry
2024-09-17 18:59:03,919 - getLogger - INFO - Blackberry
